2020-09-18T06:00:36+00:00 CRITICAL Maximum execution time of 30 seconds exceeded in F:\xampp\htdocs\wordpress\wp-includes\wp-db.php on line 2033

2020-09-18T06:05:19+00:00 CRITICAL Uncaught Error: Call to a member function is_rtl() on null in F:\xampp\htdocs\wordpress\wp-includes\script-loader.php:1683
Stack trace:
#0 F:\xampp\htdocs\wordpress\wp-includes\class-wp-hook.php(287): wp_localize_jquery_ui_datepicker('')
#1 F:\xampp\htdocs\wordpress\wp-includes\class-wp-hook.php(311): WP_Hook->apply_filters(NULL, Array)
#2 F:\xampp\htdocs\wordpress\wp-includes\plugin.php(478): WP_Hook->do_action(Array)
#3 F:\xampp\htdocs\wordpress\wp-includes\script-loader.php(1999): do_action('wp_enqueue_scri...')
#4 F:\xampp\htdocs\wordpress\wp-includes\class-wp-customize-manager.php(454): wp_enqueue_scripts()
#5 F:\xampp\htdocs\wordpress\wp-includes\class-wp-customize-manager.php(551): WP_Customize_Manager->wp_die(0, 'Non-existent ch...')
#6 F:\xampp\htdocs\wordpress\wp-includes\class-wp-hook.php(287): WP_Customize_Manager->setup_theme('')
#7 F:\xampp\htdocs\wordpress\wp-includes\class-wp-hook.php(311): WP_Hook->apply_filters(NULL, Array)
#8 F:\xampp\htdocs\wordpress\wp-includes\plugin.php(478): WP_Hook->d in F:\xampp\htdocs\wordpress\wp-includes\script-loader.php on line 1683

2020-09-18T06:05:25+00:00 CRITICAL Uncaught Error: Call to a member function is_rtl() on null in F:\xampp\htdocs\wordpress\wp-includes\script-loader.php:1683
Stack trace:
#0 F:\xampp\htdocs\wordpress\wp-includes\class-wp-hook.php(287): wp_localize_jquery_ui_datepicker('')
#1 F:\xampp\htdocs\wordpress\wp-includes\class-wp-hook.php(311): WP_Hook->apply_filters(NULL, Array)
#2 F:\xampp\htdocs\wordpress\wp-includes\plugin.php(478): WP_Hook->do_action(Array)
#3 F:\xampp\htdocs\wordpress\wp-includes\script-loader.php(1999): do_action('wp_enqueue_scri...')
#4 F:\xampp\htdocs\wordpress\wp-includes\class-wp-customize-manager.php(454): wp_enqueue_scripts()
#5 F:\xampp\htdocs\wordpress\wp-includes\class-wp-customize-manager.php(551): WP_Customize_Manager->wp_die(0, 'Non-existent ch...')
#6 F:\xampp\htdocs\wordpress\wp-includes\class-wp-hook.php(287): WP_Customize_Manager->setup_theme('')
#7 F:\xampp\htdocs\wordpress\wp-includes\class-wp-hook.php(311): WP_Hook->apply_filters(NULL, Array)
#8 F:\xampp\htdocs\wordpress\wp-includes\plugin.php(478): WP_Hook->d in F:\xampp\htdocs\wordpress\wp-includes\script-loader.php on line 1683

